#
# There is insufficient memory for the Java Runtime Environment to continue.
# Native memory allocation (mmap) failed to map 134217728 bytes for Failed to commit area from 0x0000000081c00000 to 0x0000000089c00000 of length 134217728.
# Possible reasons:
#   The system is out of physical RAM or swap space
#   The process is running with CompressedOops enabled, and the Java Heap may be blocking the growth of the native heap
# Possible solutions:
#   Reduce memory load on the system
#   Increase physical memory or swap space
#   Check if swap backing store is full
#   Decrease Java heap size (-Xmx/-Xms)
#   Decrease number of Java threads
#   Decrease Java thread stack sizes (-Xss)
#   Set larger code cache with -XX:ReservedCodeCacheSize=
# This output file may be truncated or incomplete.
#
#  Out of Memory Error (./open/src/hotspot/os/windows/os_windows.cpp:3273), pid=14108, tid=18664
#
# JRE version:  (11.0.12+8) (build )
# Java VM: Java HotSpot(TM) 64-Bit Server VM (11.0.12+8-LTS-237, mixed mode, sharing, tiered, compressed oops, g1 gc, windows-amd64)
# No core dump will be written. Minidumps are not enabled by default on client versions of Windows
#

---------------  S U M M A R Y ------------

Command Line: -Dfile.encoding=UTF-8 com.example.employe.StartServer

Host: Intel(R) Core(TM) i7-4810MQ CPU @ 2.80GHz, 8 cores, 7G,  Windows 10 , 64 bit Build 19041 (10.0.19041.1706)
Time: Tue May 24 11:49:27 2022 SE Asia Standard Time elapsed time: 0.039578 seconds (0d 0h 0m 0s)

---------------  T H R E A D  ---------------

Current thread (0x000002c0e7a99000):  JavaThread "Unknown thread" [_thread_in_vm, id=18664, stack(0x000000f358600000,0x000000f358700000)]

Stack: [0x000000f358600000,0x000000f358700000]
Native frames: (J=compiled Java code, j=interpreted, Vv=VM code, C=native code)
V  [jvm.dll+0x617d9a]
V  [jvm.dll+0x74eeef]
V  [jvm.dll+0x750599]
V  [jvm.dll+0x750c23]
V  [jvm.dll+0x2438d8]
V  [jvm.dll+0x61518a]
V  [jvm.dll+0x609f45]
V  [jvm.dll+0x2f85cc]
V  [jvm.dll+0x2f8452]
V  [jvm.dll+0x2fd106]
V  [jvm.dll+0x33f6ef]
V  [jvm.dll+0x33f120]
V  [jvm.dll+0x2d5ca8]
V  [jvm.dll+0x2d6e06]
V  [jvm.dll+0x72a977]
V  [jvm.dll+0x72c21f]
V  [jvm.dll+0x34c469]
V  [jvm.dll+0x710400]
V  [jvm.dll+0x3b5baf]
V  [jvm.dll+0x3b7cb1]
C  [jli.dll+0x520b]
C  [ucrtbase.dll+0x21bb2]
C  [KERNEL32.DLL+0x17034]
C  [ntdll.dll+0x52651]


---------------  P R O C E S S  ---------------

Threads class SMR info:
_java_thread_list=0x000002c0e59a4d20, length=0, elements={
}

Java Threads: ( => current thread )

Other Threads:
  0x000002c0e7aaf800 GCTaskThread "GC Thread#0" [stack: 0x000000f358800000,0x000000f358900000] [id=15332]
  0x000002c0e7adf800 ConcurrentGCThread "G1 Main Marker" [stack: 0x000000f358900000,0x000000f358a00000] [id=16008]
  0x000002c0e7ae3000 ConcurrentGCThread "G1 Conc#0" [stack: 0x000000f358a00000,0x000000f358b00000] [id=7556]

[error occurred during error reporting (printing all threads), id 0xc0000005, EXCEPTION_ACCESS_VIOLATION (0xc0000005) at pc=0x00007ff9af474f37]

VM state:not at safepoint (not fully initialized)

VM Mutex/Monitor currently owned by a thread:  ([mutex/lock_event])
[0x000002c0e7a98900] Heap_lock - owner thread: 0x000002c0e7a99000

Heap address: 0x0000000081c00000, size: 2020 MB, Compressed Oops mode: Non-zero based: 0x0000000081c00000
Narrow klass base: 0x0000000000000000, Narrow klass shift: 0

GC Heap History (0 events):
No events

Deoptimization events (0 events):
No events

Classes redefined (0 events):
No events

Internal exceptions (0 events):
No events

Events (0 events):
No events


Dynamic libraries:
0x00007ff6d65c0000 - 0x00007ff6d65cf000 	C:\Program Files\Java\jdk-11.0.12\bin\javaw.exe
0x00007ffa0b9f0000 - 0x00007ffa0bbe5000 	C:\WINDOWS\SYSTEM32\ntdll.dll
0x00007ffa09c90000 - 0x00007ffa09d4d000 	C:\WINDOWS\System32\KERNEL32.DLL
0x00007ffa095b0000 - 0x00007ffa0987d000 	C:\WINDOWS\System32\KERNELBASE.dll
0x00007ffa09880000 - 0x00007ffa09980000 	C:\WINDOWS\System32\ucrtbase.dll
0x00007ff9f33e0000 - 0x00007ff9f33f8000 	C:\Program Files\Java\jdk-11.0.12\bin\jli.dll
0x00007ffa0ae20000 - 0x00007ffa0aece000 	C:\WINDOWS\System32\ADVAPI32.dll
0x00007ffa0b910000 - 0x00007ffa0b9ae000 	C:\WINDOWS\System32\msvcrt.dll
0x00007ffa0ac60000 - 0x00007ffa0acfc000 	C:\WINDOWS\System32\sechost.dll
0x00007ffa09b30000 - 0x00007ffa09c55000 	C:\WINDOWS\System32\RPCRT4.dll
0x00007ffa0a8e0000 - 0x00007ffa0aa80000 	C:\WINDOWS\System32\USER32.dll
0x00007ffa09a10000 - 0x00007ffa09a32000 	C:\WINDOWS\System32\win32u.dll
0x00007ffa09c60000 - 0x00007ffa09c8a000 	C:\WINDOWS\System32\GDI32.dll
0x00007ffa094a0000 - 0x00007ffa095ab000 	C:\WINDOWS\System32\gdi32full.dll
0x00007ffa09100000 - 0x00007ffa0919d000 	C:\WINDOWS\System32\msvcp_win.dll
0x00007ff9e5700000 - 0x00007ff9e5715000 	C:\Program Files\Java\jdk-11.0.12\bin\VCRUNTIME140.dll
0x00007ff9fca90000 - 0x00007ff9fcd2a000 	C:\WINDOWS\WinSxS\amd64_microsoft.windows.common-controls_6595b64144ccf1df_6.0.19041.1110_none_60b5254171f9507e\COMCTL32.dll
0x00007ffa03980000 - 0x00007ffa0398a000 	C:\WINDOWS\SYSTEM32\VERSION.dll
0x00007ffa0ab20000 - 0x00007ffa0ab50000 	C:\WINDOWS\System32\IMM32.DLL
0x00007ff9e5660000 - 0x00007ff9e56fb000 	C:\Program Files\Java\jdk-11.0.12\bin\msvcp140.dll
0x00007ff9af190000 - 0x00007ff9afc8f000 	C:\Program Files\Java\jdk-11.0.12\bin\server\jvm.dll
0x00007ffa09a40000 - 0x00007ffa09a48000 	C:\WINDOWS\System32\PSAPI.DLL
0x00007ff9fbca0000 - 0x00007ff9fbca9000 	C:\WINDOWS\SYSTEM32\WSOCK32.dll
0x00007ffa0a630000 - 0x00007ffa0a69b000 	C:\WINDOWS\System32\WS2_32.dll
0x00007ffa02890000 - 0x00007ffa028b7000 	C:\WINDOWS\SYSTEM32\WINMM.dll
0x00007ffa07000000 - 0x00007ffa07012000 	C:\WINDOWS\SYSTEM32\kernel.appcore.dll
0x00007ff9f9e30000 - 0x00007ff9f9e40000 	C:\Program Files\Java\jdk-11.0.12\bin\verify.dll
0x00007ff9f2c10000 - 0x00007ff9f2df4000 	C:\WINDOWS\SYSTEM32\DBGHELP.DLL
0x00007ff9f23d0000 - 0x00007ff9f23fc000 	C:\WINDOWS\SYSTEM32\dbgcore.DLL
0x00007ffa09980000 - 0x00007ffa09a02000 	C:\WINDOWS\System32\bcryptPrimitives.dll
0x00007ff9e6ce0000 - 0x00007ff9e6d08000 	C:\Program Files\Java\jdk-11.0.12\bin\java.dll
0x00007ff9f8450000 - 0x00007ff9f845a000 	C:\Program Files\Java\jdk-11.0.12\bin\jimage.dll
0x00007ff9f8030000 - 0x00007ff9f8046000 	C:\Program Files\Java\jdk-11.0.12\bin\zip.dll

dbghelp: loaded successfully - version: 4.0.5 - missing functions: none
symbol engine: initialized successfully - sym options: 0x614 - pdb path: .;C:\Program Files\Java\jdk-11.0.12\bin;C:\WINDOWS\SYSTEM32;C:\WINDOWS\WinSxS\amd64_microsoft.windows.common-controls_6595b64144ccf1df_6.0.19041.1110_none_60b5254171f9507e;C:\Program Files\Java\jdk-11.0.12\bin\server

VM Arguments:
jvm_args: -Dfile.encoding=UTF-8 
java_command: com.example.employe.StartServer
java_class_path (initial): C:\Users\Admin\Downloads\employe\target\classes;C:\Users\Admin\.m2\repository\org\springframework\boot\spring-boot-starter-thymeleaf\2.7.0\spring-boot-starter-thymeleaf-2.7.0.jar;C:\Users\Admin\.m2\repository\org\springframework\boot\spring-boot-starter\2.7.0\spring-boot-starter-2.7.0.jar;C:\Users\Admin\.m2\repository\org\springframework\boot\spring-boot-starter-logging\2.7.0\spring-boot-starter-logging-2.7.0.jar;C:\Users\Admin\.m2\repository\ch\qos\logback\logback-classic\1.2.11\logback-classic-1.2.11.jar;C:\Users\Admin\.m2\repository\ch\qos\logback\logback-core\1.2.11\logback-core-1.2.11.jar;C:\Users\Admin\.m2\repository\org\apache\logging\log4j\log4j-to-slf4j\2.17.2\log4j-to-slf4j-2.17.2.jar;C:\Users\Admin\.m2\repository\org\apache\logging\log4j\log4j-api\2.17.2\log4j-api-2.17.2.jar;C:\Users\Admin\.m2\repository\org\slf4j\jul-to-slf4j\1.7.36\jul-to-slf4j-1.7.36.jar;C:\Users\Admin\.m2\repository\org\yaml\snakeyaml\1.30\snakeyaml-1.30.jar;C:\Users\Admin\.m2\repository\org\thymeleaf\thymeleaf-spring5\3.0.15.RELEASE\thymeleaf-spring5-3.0.15.RELEASE.jar;C:\Users\Admin\.m2\repository\org\thymeleaf\thymeleaf\3.0.15.RELEASE\thymeleaf-3.0.15.RELEASE.jar;C:\Users\Admin\.m2\repository\org\attoparser\attoparser\2.0.5.RELEASE\attoparser-2.0.5.RELEASE.jar;C:\Users\Admin\.m2\repository\org\unbescape\unbescape\1.1.6.RELEASE\unbescape-1.1.6.RELEASE.jar;C:\Users\Admin\.m2\repository\org\slf4j\slf4j-api\1.7.36\slf4j-api-1.7.36.jar;C:\Users\Admin\.m2\repository\org\thymeleaf\extras\thymeleaf-extras-java8time\3.0.4.RELEASE\thymeleaf-extras-java8time-3.0.4.RELEASE.jar;C:\Users\Admin\.m2\repository\org\springframework\boot\spring-boot-starter-web\2.7.0\spring-boot-starter-web-2.7.0.jar;C:\Users\Admin\.m2\repository\org\springframework\boot\spring-boot-starter-json\2.7.0\spring-boot-starter-json-2.7.0.jar;C:\Users\Admin\.m2\repository\com\fasterxml\jackson\core\jackson-databind\2.13.3\jackson-databind-2.13.3.jar;C:\Users\Admin\.m2\repository\com\fasterxml\ja
Launcher Type: SUN_STANDARD

[Global flags]
     intx CICompilerCount                          = 4                                         {product} {ergonomic}
     uint ConcGCThreads                            = 2                                         {product} {ergonomic}
     uint G1ConcRefinementThreads                  = 8                                         {product} {ergonomic}
   size_t G1HeapRegionSize                         = 1048576                                   {product} {ergonomic}
    uintx GCDrainStackTargetSize                   = 64                                        {product} {ergonomic}
   size_t InitialHeapSize                          = 134217728                                 {product} {ergonomic}
   size_t MarkStackSize                            = 4194304                                   {product} {ergonomic}
   size_t MaxHeapSize                              = 2118123520                                {product} {ergonomic}
   size_t MinHeapDeltaBytes                        = 1048576                                   {product} {ergonomic}
    uintx NonNMethodCodeHeapSize                   = 5836300                                {pd product} {ergonomic}
    uintx NonProfiledCodeHeapSize                  = 122910970                              {pd product} {ergonomic}
    uintx ProfiledCodeHeapSize                     = 122910970                              {pd product} {ergonomic}
    uintx ReservedCodeCacheSize                    = 251658240                              {pd product} {ergonomic}
     bool SegmentedCodeCache                       = true                                      {product} {ergonomic}
     bool UseCompressedClassPointers               = true                                 {lp64_product} {ergonomic}
     bool UseCompressedOops                        = true                                 {lp64_product} {ergonomic}
     bool UseG1GC                                  = true                                      {product} {ergonomic}
     bool UseLargePagesIndividualAllocation        = false                                  {pd product} {ergonomic}

Logging:
Log output configuration:
 #0: stdout all=warning uptime,level,tags
 #1: stderr all=off uptime,level,tags

Environment Variables:
JAVA_HOME=C:\Program Files\Java\jdk-11.0.12
PATH=C:/Program Files/Java/jdk-11.0.12/bin/server;C:/Program Files/Java/jdk-11.0.12/bin;C:\Program Files (x86)\Common Files\Intel\Shared Libraries\redist\intel64\compiler;C:\ProgramData\Oracle\Java\javapath;C:\Program Files\Common Files\Oracle\Java\javapath;C:\Program Files (x86)\Common Files\Oracle\Java\javapath;C:\WINDOWS\system32;C:\WINDOWS;C:\WINDOWS\System32\Wbem;C:\WINDOWS\System32\WindowsPowerShell\v1.0\;C:\WINDOWS\System32\OpenSSH\;C:\Program Files\Java\jdk-11.0.12\bin;C:\Program Files\Java\jdk-11.0.12\bin;C:\Program Files\Git\cmd;C:\Program Files\nodejs\;C:\Program Files\Java\jre1.8.0_111\bin;C:\Program Files\MySQL\MySQL Shell 8.0\bin\;C:\Users\Admin\AppData\Local\Microsoft\WindowsApps;C:\Users\Admin\AppData\Local\Programs\Microsoft VS Code\bin;C:\Users\Admin\AppData\Roaming\npm;C:\Program Files\JetBrains\IntelliJ IDEA 2019.2.4\bin;;;C:\Users\Admin\Desktop;
USERNAME=Admin
OS=Windows_NT
PROCESSOR_IDENTIFIER=Intel64 Family 6 Model 60 Stepping 3, GenuineIntel



---------------  S Y S T E M  ---------------

OS: Windows 10 , 64 bit Build 19041 (10.0.19041.1706)

CPU:total 8 (initial active 8) (4 cores per cpu, 2 threads per core) family 6 model 60 stepping 3 microcode 0x27, cmov, cx8, fxsr, mmx, sse, sse2, sse3, ssse3, sse4.1, sse4.2, popcnt, avx, avx2, aes, clmul, erms, lzcnt, ht, tsc, tscinvbit, bmi1, bmi2, fma

Memory: 4k page, system-wide physical 8073M (833M free)
TotalPageFile size 12169M (AvailPageFile size 55M)
current process WorkingSet (physical memory assigned to process): 9M, peak: 9M
current process commit charge ("private bytes"): 60M, peak: 187M

vm_info: Java HotSpot(TM) 64-Bit Server VM (11.0.12+8-LTS-237) for windows-amd64 JRE (11.0.12+8-LTS-237), built on Jun  8 2021 11:25:59 by "mach5one" with MS VC++ 15.9 (VS2017)

END.
